app/build/intermediates/manifest_merge_blame_file/debug/processDebugMainManifest/manifest-merger-blame-debug-report.txt
1<?xml version="1.0" encoding="utf-8"?>
2<manifest xmlns:android="http://schemas.android.com/apk/res/android"
3    package="com.gridraw.app.debug"
4    android:versionCode="1"
5    android:versionName="1.0.0-debug" >
6
7    <uses-sdk
8        android:minSdkVersion="26"
9        android:targetSdkVersion="35" />
10
11    <!-- Camera -->
12    <uses-feature
12-->src\main\AndroidManifest.xml:6:5-8:36
13        android:name="android.hardware.camera"
13-->src\main\AndroidManifest.xml:7:9-47
14        android:required="false" />
14-->src\main\AndroidManifest.xml:8:9-33
15
16    <!-- Permissions -->
17    <uses-permission android:name="android.permission.CAMERA" />
17-->src\main\AndroidManifest.xml:11:5-65
17-->src\main\AndroidManifest.xml:11:22-62
18
19    <!-- Media (Android 13+) -->
20    <uses-permission android:name="android.permission.READ_MEDIA_IMAGES" />
20-->src\main\AndroidManifest.xml:14:5-76
20-->src\main\AndroidManifest.xml:14:22-73
21
22    <!-- Media (Android 12 and below) -->
23    <uses-permission
23-->src\main\AndroidManifest.xml:17:5-19:38
24        android:name="android.permission.READ_EXTERNAL_STORAGE"
24-->src\main\AndroidManifest.xml:18:9-64
25        android:maxSdkVersion="32" />
25-->src\main\AndroidManifest.xml:19:9-35
26    <uses-permission
26-->src\main\AndroidManifest.xml:20:5-22:38
27        android:name="android.permission.WRITE_EXTERNAL_STORAGE"
27-->src\main\AndroidManifest.xml:21:9-65
28        android:maxSdkVersion="28" />
28-->src\main\AndroidManifest.xml:22:9-35
29
30    <!-- Vibration for haptics -->
31    <uses-permission android:name="android.permission.VIBRATE" />
31-->src\main\AndroidManifest.xml:25:5-66
31-->src\main\AndroidManifest.xml:25:22-63
32
33    <permission
33-->[androidx.core:core:1.13.1] AndroidManifest.xml:22:5-24:47
34        android:name="com.gridraw.app.debug.DYNAMIC_RECEIVER_NOT_EXPORTED_PERMISSION"
34-->[androidx.core:core:1.13.1] AndroidManifest.xml:23:9-81
35        android:protectionLevel="signature" />
35-->[androidx.core:core:1.13.1] AndroidManifest.xml:24:9-44
36
37    <uses-permission android:name="com.gridraw.app.debug.DYNAMIC_RECEIVER_NOT_EXPORTED_PERMISSION" />
37-->[androidx.core:core:1.13.1] AndroidManifest.xml:26:5-97
37-->[androidx.core:core:1.13.1] AndroidManifest.xml:26:22-94
38
39    <application
39-->src\main\AndroidManifest.xml:27:5-69:19
40        android:name="com.gridraw.app.GridRawApplication"
40-->src\main\AndroidManifest.xml:28:9-43
41        android:allowBackup="true"
41-->src\main\AndroidManifest.xml:29:9-35
42        android:appComponentFactory="androidx.core.app.CoreComponentFactory"
42-->[androidx.core:core:1.13.1] AndroidManifest.xml:28:18-86
43        android:dataExtractionRules="@xml/data_extraction_rules"
43-->src\main\AndroidManifest.xml:30:9-65
44        android:debuggable="true"
45        android:extractNativeLibs="false"
46        android:fullBackupContent="@xml/backup_rules"
46-->src\main\AndroidManifest.xml:31:9-54
47        android:icon="@mipmap/ic_launcher"
47-->src\main\AndroidManifest.xml:32:9-43
48        android:label="@string/app_name"
48-->src\main\AndroidManifest.xml:33:9-41
49        android:roundIcon="@mipmap/ic_launcher_round"
49-->src\main\AndroidManifest.xml:34:9-54
50        android:supportsRtl="true"
50-->src\main\AndroidManifest.xml:35:9-35
51        android:theme="@style/Theme.GridRaw.Splash"
51-->src\main\AndroidManifest.xml:36:9-52
52        android:windowSoftInputMode="adjustResize" >
52-->src\main\AndroidManifest.xml:37:9-51
53        <activity
53-->src\main\AndroidManifest.xml:40:9-56:20
54            android:name="com.gridraw.app.MainActivity"
54-->src\main\AndroidManifest.xml:41:13-41
55            android:exported="true"
55-->src\main\AndroidManifest.xml:42:13-36
56            android:theme="@style/Theme.GridRaw.Splash"
56-->src\main\AndroidManifest.xml:43:13-56
57            android:windowSoftInputMode="adjustResize" >
57-->src\main\AndroidManifest.xml:44:13-55
58            <intent-filter>
58-->src\main\AndroidManifest.xml:45:13-48:29
59                <action android:name="android.intent.action.MAIN" />
59-->src\main\AndroidManifest.xml:46:17-69
59-->src\main\AndroidManifest.xml:46:25-66
60
61                <category android:name="android.intent.category.LAUNCHER" />
61-->src\main\AndroidManifest.xml:47:17-77
61-->src\main\AndroidManifest.xml:47:27-74
62            </intent-filter>
63
64            <!-- Handle image share intents -->
65            <intent-filter>
65-->src\main\AndroidManifest.xml:51:13-55:29
66                <action android:name="android.intent.action.SEND" />
66-->src\main\AndroidManifest.xml:52:17-69
66-->src\main\AndroidManifest.xml:52:25-66
67
68                <category android:name="android.intent.category.DEFAULT" />
68-->src\main\AndroidManifest.xml:53:17-76
68-->src\main\AndroidManifest.xml:53:27-73
69
70                <data android:mimeType="image/*" />
70-->src\main\AndroidManifest.xml:54:17-52
70-->src\main\AndroidManifest.xml:54:23-49
71            </intent-filter>
72        </activity>
73
74        <!-- File Provider for sharing exports -->
75        <provider
76            android:name="androidx.core.content.FileProvider"
76-->src\main\AndroidManifest.xml:60:13-62
77            android:authorities="com.gridraw.app.debug.fileprovider"
77-->src\main\AndroidManifest.xml:61:13-64
78            android:exported="false"
78-->src\main\AndroidManifest.xml:62:13-37
79            android:grantUriPermissions="true" >
79-->src\main\AndroidManifest.xml:63:13-47
80            <meta-data
80-->src\main\AndroidManifest.xml:64:13-66:54
81                android:name="android.support.FILE_PROVIDER_PATHS"
81-->src\main\AndroidManifest.xml:65:17-67
82                android:resource="@xml/file_paths" />
82-->src\main\AndroidManifest.xml:66:17-51
83        </provider>
84
85        <service
85-->[androidx.camera:camera-camera2:1.4.1] AndroidManifest.xml:24:9-33:19
86            android:name="androidx.camera.core.impl.MetadataHolderService"
86-->[androidx.camera:camera-camera2:1.4.1] AndroidManifest.xml:25:13-75
87            android:enabled="false"
87-->[androidx.camera:camera-camera2:1.4.1] AndroidManifest.xml:26:13-36
88            android:exported="false" >
88-->[androidx.camera:camera-camera2:1.4.1] AndroidManifest.xml:27:13-37
89            <meta-data
89-->[androidx.camera:camera-camera2:1.4.1] AndroidManifest.xml:30:13-32:89
90                android:name="androidx.camera.core.impl.MetadataHolderService.DEFAULT_CONFIG_PROVIDER"
90-->[androidx.camera:camera-camera2:1.4.1] AndroidManifest.xml:31:17-103
91                android:value="androidx.camera.camera2.Camera2Config$DefaultProvider" />
91-->[androidx.camera:camera-camera2:1.4.1] AndroidManifest.xml:32:17-86
92        </service>
93
94        <provider
94-->[androidx.emoji2:emoji2:1.3.0] AndroidManifest.xml:24:9-32:20
95            android:name="androidx.startup.InitializationProvider"
95-->[androidx.emoji2:emoji2:1.3.0] AndroidManifest.xml:25:13-67
96            android:authorities="com.gridraw.app.debug.androidx-startup"
96-->[androidx.emoji2:emoji2:1.3.0] AndroidManifest.xml:26:13-68
97            android:exported="false" >
97-->[androidx.emoji2:emoji2:1.3.0] AndroidManifest.xml:27:13-37
98            <meta-data
98-->[androidx.emoji2:emoji2:1.3.0] AndroidManifest.xml:29:13-31:52
99                android:name="androidx.emoji2.text.EmojiCompatInitializer"
99-->[androidx.emoji2:emoji2:1.3.0] AndroidManifest.xml:30:17-75
100                android:value="androidx.startup" />
100-->[androidx.emoji2:emoji2:1.3.0] AndroidManifest.xml:31:17-49
101            <meta-data
101-->[androidx.lifecycle:lifecycle-process:2.8.7] AndroidManifest.xml:29:13-31:52
102                android:name="androidx.lifecycle.ProcessLifecycleInitializer"
102-->[androidx.lifecycle:lifecycle-process:2.8.7] AndroidManifest.xml:30:17-78
103                android:value="androidx.startup" />
103-->[androidx.lifecycle:lifecycle-process:2.8.7] AndroidManifest.xml:31:17-49
104            <meta-data
104-->[androidx.profileinstaller:profileinstaller:1.3.1] AndroidManifest.xml:29:13-31:52
105                android:name="androidx.profileinstaller.ProfileInstallerInitializer"
105-->[androidx.profileinstaller:profileinstaller:1.3.1] AndroidManifest.xml:30:17-85
106                android:value="androidx.startup" />
106-->[androidx.profileinstaller:profileinstaller:1.3.1] AndroidManifest.xml:31:17-49
107        </provider>
108
109        <activity
109-->[androidx.compose.ui:ui-tooling-android:1.7.5] AndroidManifest.xml:23:9-25:39
110            android:name="androidx.compose.ui.tooling.PreviewActivity"
110-->[androidx.compose.ui:ui-tooling-android:1.7.5] AndroidManifest.xml:24:13-71
111            android:exported="true" />
111-->[androidx.compose.ui:ui-tooling-android:1.7.5] AndroidManifest.xml:25:13-36
112
113        <service
113-->[androidx.room:room-runtime:2.6.1] AndroidManifest.xml:24:9-28:63
114            android:name="androidx.room.MultiInstanceInvalidationService"
114-->[androidx.room:room-runtime:2.6.1] AndroidManifest.xml:25:13-74
115            android:directBootAware="true"
115-->[androidx.room:room-runtime:2.6.1] AndroidManifest.xml:26:13-43
116            android:exported="false" />
116-->[androidx.room:room-runtime:2.6.1] AndroidManifest.xml:27:13-37
117
118        <receiver
118-->[androidx.profileinstaller:profileinstaller:1.3.1] AndroidManifest.xml:34:9-52:20
119            android:name="androidx.profileinstaller.ProfileInstallReceiver"
119-->[androidx.profileinstaller:profileinstaller:1.3.1] AndroidManifest.xml:35:13-76
120            android:directBootAware="false"
120-->[androidx.profileinstaller:profileinstaller:1.3.1] AndroidManifest.xml:36:13-44
121            android:enabled="true"
121-->[androidx.profileinstaller:profileinstaller:1.3.1] AndroidManifest.xml:37:13-35
122            android:exported="true"
122-->[androidx.profileinstaller:profileinstaller:1.3.1] AndroidManifest.xml:38:13-36
123            android:permission="android.permission.DUMP" >
123-->[androidx.profileinstaller:profileinstaller:1.3.1] AndroidManifest.xml:39:13-57
124            <intent-filter>
124-->[androidx.profileinstaller:profileinstaller:1.3.1] AndroidManifest.xml:40:13-42:29
125                <action android:name="androidx.profileinstaller.action.INSTALL_PROFILE" />
125-->[androidx.profileinstaller:profileinstaller:1.3.1] AndroidManifest.xml:41:17-91
125-->[androidx.profileinstaller:profileinstaller:1.3.1] AndroidManifest.xml:41:25-88
126            </intent-filter>
127            <intent-filter>
127-->[androidx.profileinstaller:profileinstaller:1.3.1] AndroidManifest.xml:43:13-45:29
128                <action android:name="androidx.profileinstaller.action.SKIP_FILE" />
128-->[androidx.profileinstaller:profileinstaller:1.3.1] AndroidManifest.xml:44:17-85
128-->[androidx.profileinstaller:profileinstaller:1.3.1] AndroidManifest.xml:44:25-82
129            </intent-filter>
130            <intent-filter>
130-->[androidx.profileinstaller:profileinstaller:1.3.1] AndroidManifest.xml:46:13-48:29
131                <action android:name="androidx.profileinstaller.action.SAVE_PROFILE" />
131-->[androidx.profileinstaller:profileinstaller:1.3.1] AndroidManifest.xml:47:17-88
131-->[androidx.profileinstaller:profileinstaller:1.3.1] AndroidManifest.xml:47:25-85
132            </intent-filter>
133            <intent-filter>
133-->[androidx.profileinstaller:profileinstaller:1.3.1] AndroidManifest.xml:49:13-51:29
134                <action android:name="androidx.profileinstaller.action.BENCHMARK_OPERATION" />
134-->[androidx.profileinstaller:profileinstaller:1.3.1] AndroidManifest.xml:50:17-95
134-->[androidx.profileinstaller:profileinstaller:1.3.1] AndroidManifest.xml:50:25-92
135            </intent-filter>
136        </receiver>
137    </application>
138
139</manifest>